Using pre-set license
Built from '2021.1/staging' branch; Version is '2021.1.3f1 (4bef613afd59) revision 4976481'; Using compiler version '192528614'; Build Type 'Release'
OS: 'Windows 10 Pro; OS build 19041.867; Version 2004; 64bit' Language: 'th' Physical Memory: 32684 MB
BatchMode: 1, IsHumanControllingUs: 0, StartBugReporterOnCrash: 0, Is64bit: 1, IsPro: 0

 COMMAND LINE ARGUMENTS:
D:\Users\priry\Documents\Unity\2021.1.3f1\Editor\Unity.exe
-adb2
-batchMode
-noUpm
-name
AssetImportWorker0
-projectPath
D:/Users/priry/Documents/GitHub/GDTVJam
-logFile
Logs/AssetImportWorker0.log
-srvPort
57499
Successfully changed project path to: D:/Users/priry/Documents/GitHub/GDTVJam
D:/Users/priry/Documents/GitHub/GDTVJam
Using Asset Import Pipeline V2.
Refreshing native plugins compatible for Editor in 75.40 ms, found 1 plugins.
Preloading 0 native plugins for Editor in 0.00 ms.
Initialize engine version: 2021.1.3f1 (4bef613afd59)
[Subsystems] Discovering subsystems at path D:/Users/priry/Documents/Unity/2021.1.3f1/Editor/Data/Resources/UnitySubsystems
[Subsystems] Discovering subsystems at path D:/Users/priry/Documents/GitHub/GDTVJam/Assets
GfxDevice: creating device client; threaded=0; jobified=0
Direct3D:
    Version:  Direct3D 11.0 [level 11.1]
    Renderer: NVIDIA GeForce RTX 2080 SUPER (ID=0x1e81)
    Vendor:   NVIDIA
    VRAM:     8010 MB
    Driver:   27.21.14.6627
Initialize mono
Mono path[0] = 'D:/Users/priry/Documents/Unity/2021.1.3f1/Editor/Data/Managed'
Mono path[1] = 'D:/Users/priry/Documents/Unity/2021.1.3f1/Editor/Data/MonoBleedingEdge/lib/mono/unityjit'
Mono config path = 'D:/Users/priry/Documents/Unity/2021.1.3f1/Editor/Data/MonoBleedingEdge/etc'
Using monoOptions --debugger-agent=transport=dt_socket,embedding=1,server=y,suspend=n,address=127.0.0.1:56392
Begin MonoManager ReloadAssembly
Registering precompiled unity dll's ...
Register platform support module: D:/Users/priry/Documents/Unity/2021.1.3f1/Editor/Data/PlaybackEngines/WebGLSupport/UnityEditor.WebGL.Extensions.dll
Register platform support module: D:/Users/priry/Documents/Unity/2021.1.3f1/Editor/Data/PlaybackEngines/WindowsStandaloneSupport/UnityEditor.WindowsStandalone.Extensions.dll
Registered in 0.003898 seconds.
Native extension for WindowsStandalone target not found
Native extension for WebGL target not found
Refreshing native plugins compatible for Editor in 78.69 ms, found 1 plugins.
Preloading 0 native plugins for Editor in 0.00 ms.
Mono: successfully reloaded assembly
- Completed reload, in  1.914 seconds
Platform modules already initialized, skipping
Registering precompiled user dll's ...
Registered in 0.004535 seconds.
Begin MonoManager ReloadAssembly
Native extension for WindowsStandalone target not found
Native extension for WebGL target not found
Refreshing native plugins compatible for Editor in 80.48 ms, found 1 plugins.
Preloading 0 native plugins for Editor in 0.00 ms.
Mono: successfully reloaded assembly
- Completed reload, in  1.072 seconds
Platform modules already initialized, skipping
========================================================================
Worker process is ready to serve import requests
Launched and connected shader compiler UnityShaderCompiler.exe after 0.05 seconds
Refreshing native plugins compatible for Editor in 0.96 ms, found 1 plugins.
Preloading 0 native plugins for Editor in 0.00 ms.
Unloading 3119 Unused Serialized files (Serialized files now loaded: 0)
System memory in use before: 113.9 MB.
System memory in use after: 114.1 MB.

Unloading 17 unused Assets to reduce memory usage. Loaded Objects now: 3572.
Total: 2.768700 ms (FindLiveObjects: 0.455000 ms CreateObjectMapping: 0.164500 ms MarkObjects: 2.076100 ms  DeleteObjects: 0.071000 ms)

========================================================================
Received Import Request.
  path: Assets/Model/Room.fbx
  artifactKey: Guid(f1a2752a9ebfd64469f76db216d6d944) Importer(815301076,1909f56bfc062723c751e8b465ee728b)
Start importing Assets/Model/Room.fbx using Guid(f1a2752a9ebfd64469f76db216d6d944) Importer(815301076,1909f56bfc062723c751e8b465ee728b)  -> (artifact id: 'a4821fbeb2af688bf8107ee7a6e806e1') in 0.284737 seconds 
========================================================================
Received Import Request.
  Time since last request: 369.407870 seconds.
  path: Assets/Model/Room.fbx
  artifactKey: Guid(f1a2752a9ebfd64469f76db216d6d944) Importer(815301076,1909f56bfc062723c751e8b465ee728b)
Start importing Assets/Model/Room.fbx using Guid(f1a2752a9ebfd64469f76db216d6d944) Importer(815301076,1909f56bfc062723c751e8b465ee728b)  -> (artifact id: '09a7b638281bb0e06f484ef8d3c16626') in 0.091044 seconds 
========================================================================
Received Import Request.
  Time since last request: 85.752844 seconds.
  path: Assets/Model/Room.fbx
  artifactKey: Guid(f1a2752a9ebfd64469f76db216d6d944) Importer(815301076,1909f56bfc062723c751e8b465ee728b)
Start importing Assets/Model/Room.fbx using Guid(f1a2752a9ebfd64469f76db216d6d944) Importer(815301076,1909f56bfc062723c751e8b465ee728b)  -> (artifact id: 'd5faac7485095083f1ce019eb54991f1') in 0.149220 seconds 
========================================================================
Received Import Request.
  Time since last request: 31.161595 seconds.
  path: Assets/Model/Room.fbx
  artifactKey: Guid(f1a2752a9ebfd64469f76db216d6d944) Importer(815301076,1909f56bfc062723c751e8b465ee728b)
Start importing Assets/Model/Room.fbx using Guid(f1a2752a9ebfd64469f76db216d6d944) Importer(815301076,1909f56bfc062723c751e8b465ee728b)  -> (artifact id: '9a762da7991b9fc7e077f7db7c6f934d') in 0.141440 seconds 
========================================================================
Received Import Request.
  Time since last request: 177.475378 seconds.
  path: Assets/Model/Room.blend
  artifactKey: Guid(9dbf0af50e38a6f4298f4c6a519d1f1b) Importer(815301076,1909f56bfc062723c751e8b465ee728b)
Start importing Assets/Model/Room.blend using Guid(9dbf0af50e38a6f4298f4c6a519d1f1b) Importer(815301076,1909f56bfc062723c751e8b465ee728b)  -> (artifact id: '480a43074d0b4fe70953d1abc51212b5') in 0.005742 seconds 
========================================================================
Received Import Request.
  Time since last request: 96.842520 seconds.
  path: Assets/Model
  artifactKey: Guid(f462a5a86f3be5e4e871300b69430df6) Importer(815301076,1909f56bfc062723c751e8b465ee728b)
Start importing Assets/Model using Guid(f462a5a86f3be5e4e871300b69430df6) Importer(815301076,1909f56bfc062723c751e8b465ee728b)  -> (artifact id: 'd70b032c71638c53709fa875ac4a9a4f') in 0.002273 seconds 
AssetImportWorkerClient::OnTransportError - code=2 error=End of file
